<?xml version="1.0" encoding="UTF-8"?>
<!-- Generated by org.testng.reporters.JUnitReportReporter -->
<testsuite hostname="DESKTOP-0DVVPP6" failures="0" tests="1" name="com.qa.testcases.patinfoTest" time="15.899" errors="0" timestamp="2025-03-19T00:29:13 IST" skipped="0">
  <testcase classname="com.qa.testcases.patinfoTest" name="Homepage" time="15.899"/>
</testsuite> <!-- com.qa.testcases.patinfoTest -->
